<?xml version="1.0" encoding="UTF-8"?>
<!-- Generated by org.testng.reporters.JUnitXMLReporter -->
<testsuite ignored="0" hostname="USHFLMZ33B7LVML" failures="0" tests="1" name="TestCheck" time="0.995" errors="0"
           timestamp="07 Nov 2019 05:31:06 GMT">
    <testcase classname="com.nbcuni.test.vamservice.tests.happypath.Verify_VamResponse" name="@AfterTest endTest"
              time="0.0">
        <failure type="java.lang.AssertionError" message="The following asserts failed:
	Values did not match for pvrn expected [true] but found [false],
	Values did not match for vip expected [true] but found [false],
	Values did not match for vprn expected [true] but found [false]">
            <![CDATA[java.lang.AssertionError: The following asserts failed:
Values did not match for pvrn expected [true] but found [false],
Values did not match for vip expected [true] but found [false],
Values did not match for vprn expected [true] but found [false]
at com.nbcuni.test.vamservice.tests.happypath.Verify_VamResponse.endTest(Verify_VamResponse.java:156)
... Removed 25 stack frames]]>
        </failure>
    </testcase> <!-- @AfterTest endTest -->
    <testcase classname="com.nbcuni.test.vamservice.tests.happypath.Verify_VamResponse" name="readDataFromFile"
              time="0.967"/>
</testsuite> <!-- TestCheck -->
